Flutter crash report.
Please report a bug at https://github.com/flutter/flutter/issues.

## command

flutter run

## exception

SocketException: SocketException: Write failed (OS Error: Broken pipe, errno = 32), port = 0

```
#0      _NativeSocket.write (dart:io-patch/socket_patch.dart:1475:34)
#1      _RawSocket.write (dart:io-patch/socket_patch.dart:2400:15)
#2      _Socket._write (dart:io-patch/socket_patch.dart:2936:18)
#3      _SocketStreamConsumer.write (dart:io-patch/socket_patch.dart:2659:28)
#4      _SocketStreamConsumer.addStream.<anonymous closure> (dart:io-patch/socket_patch.dart:2607:13)
#5      _rootRunUnary (dart:async/zone.dart:1538:47)
#6      _CustomZone.runUnary (dart:async/zone.dart:1429:19)
#7      _CustomZone.runUnaryGuarded (dart:async/zone.dart:1329:7)
#8      _BufferingStreamSubscription._sendData (dart:async/stream_impl.dart:381:11)
#9      _BufferingStreamSubscription._add (dart:async/stream_impl.dart:312:7)
#10     _SyncStreamControllerDispatch._sendData (dart:async/stream_controller.dart:798:19)
#11     _StreamController._add (dart:async/stream_controller.dart:663:7)
#12     _StreamController.add (dart:async/stream_controller.dart:618:5)
#13     _StreamSinkImpl.add (dart:io/io_sink.dart:155:17)
#14     _IOSinkImpl.write (dart:io/io_sink.dart:296:5)
#15     _Socket.write (dart:io-patch/socket_patch.dart:2765:36)
#16     _StdSink.writeln (dart:io/stdio.dart:442:13)
#17     DefaultResidentCompiler._recompile (package:flutter_tools/src/compile.dart:762:18)
#18     _RecompileRequest._run (package:flutter_tools/src/compile.dart:424:84)
#19     _CompilationRequest.run (package:flutter_tools/src/compile.dart:399:30)
#20     DefaultResidentCompiler._handleCompilationRequest (package:flutter_tools/src/compile.dart:796:23)
#21     _rootRunUnary (dart:async/zone.dart:1538:47)
#22     _CustomZone.runUnary (dart:async/zone.dart:1429:19)
#23     _CustomZone.runUnaryGuarded (dart:async/zone.dart:1329:7)
#24     _BufferingStreamSubscription._sendData (dart:async/stream_impl.dart:381:11)
#25     _DelayedData.perform (dart:async/stream_impl.dart:573:14)
#26     _PendingEvents.handleNext (dart:async/stream_impl.dart:678:11)
#27     _PendingEvents.schedule.<anonymous closure> (dart:async/stream_impl.dart:649:7)
#28     _rootRun (dart:async/zone.dart:1517:47)
#29     _CustomZone.run (dart:async/zone.dart:1422:19)
#30     _CustomZone.runGuarded (dart:async/zone.dart:1321:7)
#31     _CustomZone.bindCallbackGuarded.<anonymous closure> (dart:async/zone.dart:1362:23)
#32     _rootRun (dart:async/zone.dart:1525:13)
#33     _CustomZone.run (dart:async/zone.dart:1422:19)
#34     _CustomZone.runGuarded (dart:async/zone.dart:1321:7)
#35     _CustomZone.bindCallbackGuarded.<anonymous closure> (dart:async/zone.dart:1362:23)
#36     _microtaskLoop (dart:async/schedule_microtask.dart:40:21)
#37     _startMicrotaskLoop (dart:async/schedule_microtask.dart:49:5)
#38     _runPendingImmediateCallback (dart:isolate-patch/isolate_patch.dart:128:13)
#39     _RawReceivePort._handleMessage (dart:isolate-patch/isolate_patch.dart:195:5)
```

## flutter doctor

```
[32m[✓][39m Flutter (Channel stable, 3.29.2, on macOS 15.3.1 24D70 darwin-arm64, locale en-US) [1,560ms]
    [32m•[39m Flutter version 3.29.2 on channel stable at /opt/homebrew/Caskroom/flutter/3.29.2/flutter
    [32m•[39m Upstream repository https://github.com/flutter/flutter.git
    [32m•[39m Framework revision c236373904 (3 weeks ago), 2025-03-13 16:17:06 -0400
    [32m•[39m Engine revision 18b71d647a
    [32m•[39m Dart version 3.7.2
    [32m•[39m DevTools version 2.42.3

[32m[✓][39m Android toolchain - develop for Android devices (Android SDK version 35.0.1) [2.9s]
    [32m•[39m Android SDK at /Users/kristybock/Library/Android/sdk
    [32m•[39m Platform android-35, build-tools 35.0.1
    [32m•[39m Java binary at: /Library/Java/JavaVirtualMachines/temurin-17.jdk/Contents/Home/bin/java
      This JDK is specified in your Flutter configuration.
      To change the current JDK, run: `flutter config --jdk-dir="path/to/jdk"`.
    [32m•[39m Java version OpenJDK Runtime Environment Temurin-17.0.14+7 (build 17.0.14+7)
    [32m•[39m All Android licenses accepted.

[32m[✓][39m Xcode - develop for iOS and macOS (Xcode 16.2) [3.5s]
    [32m•[39m Xcode at /Applications/Xcode.app/Contents/Developer
    [32m•[39m Build 16C5032a
    [32m•[39m CocoaPods version 1.16.2

[32m[✓][39m Chrome - develop for the web [4ms]
    [32m•[39m Chrome at /Applications/Google Chrome.app/Contents/MacOS/Google Chrome

[32m[✓][39m Android Studio (version 2024.3) [4ms]
    [32m•[39m Android Studio at /Applications/Android Studio.app/Contents
    [32m•[39m Flutter plugin can be installed from:
      🔨 https://plugins.jetbrains.com/plugin/9212-flutter
    [32m•[39m Dart plugin can be installed from:
      🔨 https://plugins.jetbrains.com/plugin/6351-dart
    [32m•[39m Java version OpenJDK Runtime Environment (build 21.0.5+-13047016-b750.29)

[32m[✓][39m VS Code (version 1.98.2) [2ms]
    [32m•[39m VS Code at /Applications/Visual Studio Code.app/Contents
    [32m•[39m Flutter extension version 3.108.0

[32m[✓][39m Connected device (4 available) [17.5s]
    [32m•[39m sdk gphone64 arm64 (mobile)     • emulator-5554             • android-arm    • Android null (API null)
    [32m•[39m Kristy Kelly iPhone (mobile)    • 00008120-000659491E10A01E • ios            • iOS 18.3.2 22D82
    [32m•[39m Mac Designed for iPad (desktop) • mac-designed-for-ipad     • darwin         • macOS 15.3.1 24D70 darwin-arm64
    [32m•[39m Chrome (web)                    • chrome                    • web-javascript • Google Chrome 134.0.6998.166

[32m[✓][39m Network resources [571ms]
    [32m•[39m All expected network resources are available.

[32m•[39m No issues found!
```
